[GIN-debug] [WARNING] Creating an Engine instance with the Logger and Recovery middleware already attached.

[GIN-debug] [WARNING] Running in "debug" mode. Switch to "release" mode in production.
 - using env:	export GIN_MODE=release
 - using code:	gin.SetMode(gin.ReleaseMode)

[GIN-debug] GET    /                         --> goskeleton/routers.InitWebRouter.func1 (4 handlers)
[GIN-debug] GET    /public/*filepath         --> github.com/gin-gonic/gin.(*RouterGroup).createStaticHandler.func1 (4 handlers)
[GIN-debug] HEAD   /public/*filepath         --> github.com/gin-gonic/gin.(*RouterGroup).createStaticHandler.func1 (4 handlers)
[GIN-debug] GET    /dir/*filepath            --> github.com/gin-gonic/gin.(*RouterGroup).createStaticHandler.func1 (4 handlers)
[GIN-debug] HEAD   /dir/*filepath            --> github.com/gin-gonic/gin.(*RouterGroup).createStaticHandler.func1 (4 handlers)
[GIN-debug] GET    /abcd                     --> github.com/gin-gonic/gin.(*RouterGroup).StaticFile.func1 (4 handlers)
[GIN-debug] HEAD   /abcd                     --> g[GIN] 2020/08/17 - 14:01:44 | 200 |            0s |       127.0.0.1 | GET      "/"
T    /Admin/ws                 --> goskeleton/app/http/validator/core/interf.ValidatorInterface.CheckParams-fm (4 handlers)
[GIN-debug] POST   /Admin/users/register     --> goskeleton/app/http/validator/core/interf.ValidatorInterface.CheckParams-fm (4 handlers)
[GIN-debug] POST   /Admin/users/login        --> goskeleton/app/http/validator/core/interf.ValidatorInterface.CheckParams-fm (4 handlers)
[GIN-debug] POST   /Admin/users/refreshtoken --> goskeleton/app/http/validator/core/interf.ValidatorInterface.CheckParams-fm (4 handlers)
[GIN-debug] GET    /Admin/users/index        --> goskeleton/app/http/validator/core/interf.ValidatorInterface.CheckParams-fm (5 handlers)
[GIN-debug] POST   /Admin/users/create       --> goskeleton/app/http/validator/core/interf.ValidatorInterface.CheckParams-fm (5 handlers)
[GIN-debug] POST   /Admin/users/edit         --> goskeleton/app/http/validator/core/interf.ValidatorInterface.CheckParams-fm (5 handlers)
[GIN-debug] POST   /Admin/users/delete       --> goskeleton/app/http/validator/core/interf.ValidatorInterface.CheckParams-fm (5 handlers)
[GIN-debug] POST   /Admin/upload/files       --> goskeleton/app/http/validator/core/interf.ValidatorInterface.CheckParams-fm (5 handlers)
[GIN-debug] Listening and serving HTTP on :20201
[GIN] 2020/08/17 - 14:01:48 | 200 |            0s |       127.0.0.1 | GET      "/"
